<?xml version="1.0" encoding="UTF-8"?>
<!-- Generated by org.testng.reporters.JUnitReportReporter -->
<testsuite hostname="SVL" failures="0" tests="14" name="testNgTestsExecution.HomePageTestt" time="40.467" errors="0" timestamp="2023-05-10T13:02:06 IST" skipped="0">
  <testcase classname="testNgTestsExecution.HomePageTestt" name="hoverOnPages" time="0.533"/>
  <system-out/>
  <testcase classname="testNgTestsExecution.HomePageTestt" name="clickHome" time="0.529"/>
  <system-out/>
  <testcase classname="testNgTestsExecution.HomePageTestt" name="clickContact" time="9.293"/>
  <system-out/>
  <testcase classname="testNgTestsExecution.HomePageTestt" name="acceptAlert" time="0.117"/>
  <system-out/>
  <testcase classname="testNgTestsExecution.HomePageTestt" name="accepgeoLocation" time="19.089"/>
  <system-out/>
  <testcase classname="testNgTestsExecution.HomePageTestt" name="subscribeEssence" time="0.852"/>
  <system-out/>
  <testcase classname="testNgTestsExecution.HomePageTestt" name="hoverOnShopSelectDresses" time="2.093"/>
  <system-out/>
  <testcase classname="testNgTestsExecution.HomePageTestt" name="selectAproductAndClickAddToCart" time="1.127"/>
  <system-out/>
  <testcase classname="testNgTestsExecution.HomePageTestt" name="goToCheckout" time="2.520"/>
  <system-out/>
  <testcase classname="testNgTestsExecution.HomePageTestt" name="enterBillingAddressDetails" time="1.763"/>
  <system-out/>
  <testcase classname="testNgTestsExecution.HomePageTestt" name="selectPayment" time="1.387"/>
  <system-out/>
  <testcase classname="testNgTestsExecution.HomePageTestt" name="clickOnPlaceOrder" time="0.324"/>
  <system-out/>
  <testcase classname="testNgTestsExecution.HomePageTestt" name="acceptConditions" time="0.365"/>
  <system-out/>
  <testcase classname="testNgTestsExecution.HomePageTestt" name="checkboxesConditions" time="0.475"/>
  <system-out/>
</testsuite> <!-- testNgTestsExecution.HomePageTestt -->
